# JRE version: Java(TM) SE Runtime Environment (8.0_77-b03) (build 1.8.0_77-b03)
# Java VM: Java HotSpot(TM) 64-Bit Server VM (25.77-b03 mixed mode windows-amd64 compressed oops)
Heap:
 PSYoungGen      total 294400K, used 57726K [0x00000000d5d80000, 0x00000000ed980000, 0x0000000100000000)
  eden space 278528K, 20% used [0x00000000d5d80000,0x00000000d95df9c0,0x00000000e6d80000)
  from space 15872K, 0% used [0x00000000e6d80000,0x00000000e6d80000,0x00000000e7d00000)
  to   space 15360K, 0% used [0x00000000eca80000,0x00000000eca80000,0x00000000ed980000)
 ParOldGen       total 131584K, used 41514K [0x0000000081800000, 0x0000000089880000, 0x00000000d5d80000)
  object space 131584K, 31% used [0x0000000081800000,0x000000008408aaf0,0x0000000089880000)
 Metaspace       used 57145K, capacity 59678K, committed 59928K, reserved 1101824K
  class space    used 7435K, capacity 7890K, committed 7976K, reserved 1048576K
GC Heap History (10 events):
Event: 9.081 GC heap before
{Heap before GC invocations=12 (full 2):
 PSYoungGen      total 167936K, used 152064K [0x00000000d5d80000, 0x00000000e4f00000, 0x0000000100000000)
  eden space 152064K, 100% used [0x00000000d5d80000,0x00000000df200000,0x00000000df200000)
  from space 15872K, 0% used [0x00000000df200000,0x00000000df200000,0x00000000e0180000)
  to   space 15360K, 0% used [0x00000000e4000000,0x00000000e4000000,0x00000000e4f00000)
 ParOldGen       total 88064K, used 17752K [0x0000000081800000, 0x0000000086e00000, 0x00000000d5d80000)
  object space 88064K, 20% used [0x0000000081800000,0x0000000082956208,0x0000000086e00000)
 Metaspace       used 39201K, capacity 40842K, committed 41000K, reserved 1085440K
  class space    used 5053K, capacity 5372K, committed 5416K, reserved 1048576K
Event: 9.099 GC heap after
Heap after GC invocations=12 (full 2):
 PSYoungGen      total 220160K, used 11915K [0x00000000d5d80000, 0x00000000e4c00000, 0x0000000100000000)
  eden space 207872K, 0% used [0x00000000d5d80000,0x00000000d5d80000,0x00000000e2880000)
  from space 12288K, 96% used [0x00000000e4000000,0x00000000e4ba2ff8,0x00000000e4c00000)
  to   space 15872K, 0% used [0x00000000e2d00000,0x00000000e2d00000,0x00000000e3c80000)
 ParOldGen       total 88064K, used 17760K [0x0000000081800000, 0x0000000086e00000, 0x00000000d5d80000)
  object space 88064K, 20% used [0x0000000081800000,0x0000000082958208,0x0000000086e00000)
 Metaspace       used 39201K, capacity 40842K, committed 41000K, reserved 1085440K
  class space    used 5053K, capacity 5372K, committed 5416K, reserved 1048576K
}
Event: 11.573 GC heap before
{Heap before GC invocations=13 (full 2):
 PSYoungGen      total 220160K, used 219787K [0x00000000d5d80000, 0x00000000e4c00000, 0x0000000100000000)
  eden space 207872K, 100% used [0x00000000d5d80000,0x00000000e2880000,0x00000000e2880000)
  from space 12288K, 96% used [0x00000000e4000000,0x00000000e4ba2ff8,0x00000000e4c00000)
  to   space 15872K, 0% used [0x00000000e2d00000,0x00000000e2d00000,0x00000000e3c80000)
 ParOldGen       total 88064K, used 17760K [0x0000000081800000, 0x0000000086e00000, 0x00000000d5d80000)
  object space 88064K, 20% used [0x0000000081800000,0x0000000082958208,0x0000000086e00000)
 Metaspace       used 46492K, capacity 48344K, committed 48552K, reserved 1091584K
  class space    used 6157K, capacity 6527K, committed 6568K, reserved 1048576K
Event: 11.601 GC heap after
Heap after GC invocations=13 (full 2):
 PSYoungGen      total 228352K, used 10345K [0x00000000d5d80000, 0x00000000e8c80000, 0x0000000100000000)
  eden space 212480K, 0% used [0x00000000d5d80000,0x00000000d5d80000,0x00000000e2d00000)
  from space 15872K, 65% used [0x00000000e2d00000,0x00000000e371a4a0,0x00000000e3c80000)
  to   space 15872K, 0% used [0x00000000e7d00000,0x00000000e7d00000,0x00000000e8c80000)
 ParOldGen       total 88064K, used 24238K [0x0000000081800000, 0x0000000086e00000, 0x00000000d5d80000)
  object space 88064K, 27% used [0x0000000081800000,0x0000000082fab908,0x0000000086e00000)
 Metaspace       used 46492K, capacity 48344K, committed 48552K, reserved 1091584K
  class space    used 6157K, capacity 6527K, committed 6568K, reserved 1048576K
}
Event: 13.212 GC heap before
{Heap before GC invocations=14 (full 2):
 PSYoungGen      total 228352K, used 222825K [0x00000000d5d80000, 0x00000000e8c80000, 0x0000000100000000)
  eden space 212480K, 100% used [0x00000000d5d80000,0x00000000e2d00000,0x00000000e2d00000)
  from space 15872K, 65% used [0x00000000e2d00000,0x00000000e371a4a0,0x00000000e3c80000)
  to   space 15872K, 0% used [0x00000000e7d00000,0x00000000e7d00000,0x00000000e8c80000)
 ParOldGen       total 88064K, used 24238K [0x0000000081800000, 0x0000000086e00000, 0x00000000d5d80000)
  object space 88064K, 27% used [0x0000000081800000,0x0000000082fab908,0x0000000086e00000)
 Metaspace       used 51298K, capacity 53556K, committed 53672K, reserved 1095680K
  class space    used 6870K, capacity 7263K, committed 7336K, reserved 1048576K
Event: 13.241 GC heap after
Heap after GC invocations=14 (full 2):
 PSYoungGen      total 294400K, used 10832K [0x00000000d5d80000, 0x00000000e9000000, 0x0000000100000000)
  eden space 278528K, 0% used [0x00000000d5d80000,0x00000000d5d80000,0x00000000e6d80000)
  from space 15872K, 68% used [0x00000000e7d00000,0x00000000e8794348,0x00000000e8c80000)
  to   space 15872K, 0% used [0x00000000e6d80000,0x00000000e6d80000,0x00000000e7d00000)
 ParOldGen       total 88064K, used 30322K [0x0000000081800000, 0x0000000086e00000, 0x00000000d5d80000)
  object space 88064K, 34% used [0x0000000081800000,0x000000008359cbd0,0x0000000086e00000)
 Metaspace       used 51298K, capacity 53556K, committed 53672K, reserved 1095680K
  class space    used 6870K, capacity 7263K, committed 7336K, reserved 1048576K
}
Event: 531.428 GC heap before
{Heap before GC invocations=15 (full 2):
 PSYoungGen      total 294400K, used 119796K [0x00000000d5d80000, 0x00000000e9000000, 0x0000000100000000)
  eden space 278528K, 39% used [0x00000000d5d80000,0x00000000dc7e8fd8,0x00000000e6d80000)
  from space 15872K, 68% used [0x00000000e7d00000,0x00000000e8794348,0x00000000e8c80000)
  to   space 15872K, 0% used [0x00000000e6d80000,0x00000000e6d80000,0x00000000e7d00000)
 ParOldGen       total 88064K, used 30322K [0x0000000081800000, 0x0000000086e00000, 0x00000000d5d80000)
  object space 88064K, 34% used [0x0000000081800000,0x000000008359cbd0,0x0000000086e00000)
 Metaspace       used 56555K, capacity 59024K, committed 59160K, reserved 1099776K
  class space    used 7432K, capacity 7889K, committed 7976K, reserved 1048576K
Event: 531.549 GC heap after
Heap after GC invocations=15 (full 2):
 PSYoungGen      total 294400K, used 8054K [0x00000000d5d80000, 0x00000000ed980000, 0x0000000100000000)
  eden space 278528K, 0% used [0x00000000d5d80000,0x00000000d5d80000,0x00000000e6d80000)
  from space 15872K, 50% used [0x00000000e6d80000,0x00000000e755d968,0x00000000e7d00000)
  to   space 15360K, 0% used [0x00000000eca80000,0x00000000eca80000,0x00000000ed980000)
 ParOldGen       total 88064K, used 36786K [0x0000000081800000, 0x0000000086e00000, 0x00000000d5d80000)
  object space 88064K, 41% used [0x0000000081800000,0x0000000083becbf0,0x0000000086e00000)
 Metaspace       used 56555K, capacity 59024K, committed 59160K, reserved 1099776K
  class space    used 7432K, capacity 7889K, committed 7976K, reserved 1048576K
}
Event: 531.549 GC heap before
{Heap before GC invocations=16 (full 3):
 PSYoungGen      total 294400K, used 8054K [0x00000000d5d80000, 0x00000000ed980000, 0x0000000100000000)
  eden space 278528K, 0% used [0x00000000d5d80000,0x00000000d5d80000,0x00000000e6d80000)
  from space 15872K, 50% used [0x00000000e6d80000,0x00000000e755d968,0x00000000e7d00000)
  to   space 15360K, 0% used [0x00000000eca80000,0x00000000eca80000,0x00000000ed980000)
 ParOldGen       total 88064K, used 36786K [0x0000000081800000, 0x0000000086e00000, 0x00000000d5d80000)
  object space 88064K, 41% used [0x0000000081800000,0x0000000083becbf0,0x0000000086e00000)
 Metaspace       used 56555K, capacity 59024K, committed 59160K, reserved 1099776K
  class space    used 7432K, capacity 7889K, committed 7976K, reserved 1048576K
Event: 532.020 GC heap after
Heap after GC invocations=16 (full 3):
 PSYoungGen      total 294400K, used 0K [0x00000000d5d80000, 0x00000000ed980000, 0x0000000100000000)
  eden space 278528K, 0% used [0x00000000d5d80000,0x00000000d5d80000,0x00000000e6d80000)
  from space 15872K, 0% used [0x00000000e6d80000,0x00000000e6d80000,0x00000000e7d00000)
  to   space 15360K, 0% used [0x00000000eca80000,0x00000000eca80000,0x00000000ed980000)
 ParOldGen       total 131584K, used 41514K [0x0000000081800000, 0x0000000089880000, 0x00000000d5d80000)
  object space 131584K, 31% used [0x0000000081800000,0x000000008408aaf0,0x0000000089880000)
 Metaspace       used 56555K, capacity 59024K, committed 59160K, reserved 1099776K
  class space    used 7432K, capacity 7889K, committed 7976K, reserved 1048576K
}

